<?xml version="1.0" encoding="UTF-8"?>
<testsuite xmlns:xsi="http://www.w3.org/2001/XMLSchema-instance" xsi:noNamespaceSchemaLocation="https://maven.apache.org/surefire/maven-surefire-plugin/xsd/surefire-test-report-3.0.xsd" version="3.0" name="CucumberOptions.TestRunner" time="4.539" tests="7" errors="2" skipped="5" failures="0">
  <properties>
[...]
</properties>
  <testcase name="Given Add Place Payload with &quot;Akshay Dhewale&quot;&quot;Python&quot;&quot;Virul&quot;" classname="| Akshay Dhewale | Python | Virul |" time="0.009">
    <error message="Cannot serialize object because no JSON serializer found in classpath. Please put Jackson (Databind), Gson, Johnzon, or Yasson in the classpath." type="java.lang.IllegalStateException"><![CDATA[java.lang.IllegalStateException: Cannot serialize object because no JSON serializer found in classpath. Please put Jackson (Databind), Gson, Johnzon, or Yasson in the classpath.
]]></error>
  </testcase>
  <testcase name="" classname="| Akshay Dhewale | Python | Virul |" time="0.012">
    <error message="Cannot serialize object because no JSON serializer found in classpath. Please put Jackson (Databind), Gson, Johnzon, or Yasson in the classpath." type="java.lang.IllegalStateException"><![CDATA[java.lang.IllegalStateException: Cannot serialize object because no JSON serializer found in classpath. Please put Jackson (Databind), Gson, Johnzon, or Yasson in the classpath.
]]></error>
  </testcase>
  <testcase name="When User call &quot;AddPlaceAPI&quot; API using &quot;POST&quot; http request" classname="| Akshay Dhewale | Python | Virul |" time="0">
    <skipped/>
  </testcase>
  <testcase name="Then The API call get success" classname="| Akshay Dhewale | Python | Virul |" time="0">
    <skipped/>
  </testcase>
  <testcase name="And &quot;status&quot; in response is &quot;OK&quot;" classname="| Akshay Dhewale | Python | Virul |" time="0">
    <skipped/>
  </testcase>
  <testcase name="And &quot;scope&quot; in response is &quot;APP&quot;" classname="| Akshay Dhewale | Python | Virul |" time="0">
    <skipped/>
  </testcase>
  <testcase name="And verify place id creating map to &quot;Akshay Dhewale&quot; using &quot;GetPlaceAPI&quot;" classname="| Akshay Dhewale | Python | Virul |" time="0">
    <skipped/>
  </testcase>
</testsuite>